  Source20200123.cpp
d:\paniuk\classwork\homework20200123\homework20200123\source20200123.cpp(58): error C2440: 'initializing': cannot convert from 'std::_Vector_iterator<std::_Vector_val<std::_Simple_types<_Ty>>>' to 'std::_Vector_const_iterator<std::_Vector_val<std::_Simple_types<_Ty>>>'
          with
          [
              _Ty=Student
          ]
          and
          [
              _Ty=int
          ]
  d:\paniuk\classwork\homework20200123\homework20200123\source20200123.cpp(58): note: No user-defined-conversion operator available that can perform this conversion, or the operator cannot be called
d:\paniuk\classwork\homework20200123\homework20200123\source20200123.cpp(58): error C2678: binary '<': no operator found which takes a left-hand operand of type 'std::_Vector_const_iterator<std::_Vector_val<std::_Simple_types<_Ty>>>' (or there is no acceptable conversion)
          with
          [
              _Ty=int
          ]
  c:\program files (x86)\microsoft visual studio\2017\enterprise\vc\tools\msvc\14.16.27023\include\vector(173): note: could be 'bool std::_Vector_const_iterator<std::_Vector_val<std::_Simple_types<_Ty>>>::operator <(const std::_Vector_const_iterator<std::_Vector_val<std::_Simple_types<_Ty>>> &) const'
          with
          [
              _Ty=int
          ]
  c:\program files (x86)\microsoft visual studio\2017\enterprise\vc\tools\msvc\14.16.27023\include\system_error(319): note: or       'bool std::operator <(const std::error_condition &,const std::error_condition &) noexcept'
  c:\program files (x86)\microsoft visual studio\2017\enterprise\vc\tools\msvc\14.16.27023\include\system_error(312): note: or       'bool std::operator <(const std::error_code &,const std::error_code &) noexcept'
  d:\paniuk\classwork\homework20200123\homework20200123\source20200123.cpp(58): note: while trying to match the argument list '(std::_Vector_const_iterator<std::_Vector_val<std::_Simple_types<_Ty>>>, std::_Vector_iterator<std::_Vector_val<std::_Simple_types<_Ty>>>)'
          with
          [
              _Ty=int
          ]
          and
          [
              _Ty=Student
          ]
