d:\paniuk\classwork\classwork20191209_template_class\classwork20191209_template_class\debug\vc141.pdb
d:\paniuk\classwork\classwork20191209_template_class\classwork20191209_template_class\debug\vc141.idb
d:\paniuk\classwork\classwork20191209_template_class\classwork20191209_template_class\debug\book.sbr
d:\paniuk\classwork\classwork20191209_template_class\classwork20191209_template_class\debug\disk.sbr
d:\paniuk\classwork\classwork20191209_template_class\classwork20191209_template_class\debug\magazine.sbr
d:\paniuk\classwork\classwork20191209_template_class\classwork20191209_template_class\debug\source20191209.sbr
d:\paniuk\classwork\classwork20191209_template_class\classwork20191209_template_class\debug\source20191209.obj
d:\paniuk\classwork\classwork20191209_template_class\classwork20191209_template_class\debug\magazine.obj
d:\paniuk\classwork\classwork20191209_template_class\classwork20191209_template_class\debug\disk.obj
d:\paniuk\classwork\classwork20191209_template_class\classwork20191209_template_class\debug\book.obj
d:\paniuk\classwork\classwork20191209_template_class\debug\classwork20191209_template_class.ilk
d:\paniuk\classwork\classwork20191209_template_class\debug\classwork20191209_template_class.exe
d:\paniuk\classwork\classwork20191209_template_class\debug\classwork20191209_template_class.pdb
d:\paniuk\classwork\classwork20191209_template_class\debug\classwork20191209_template_class.bsc
d:\paniuk\classwork\classwork20191209_template_class\classwork20191209_template_class\debug\classwor.bce08826.tlog\bscmake.command.1.tlog
d:\paniuk\classwork\classwork20191209_template_class\classwork20191209_template_class\debug\classwor.bce08826.tlog\bscmake.read.1.tlog
d:\paniuk\classwork\classwork20191209_template_class\classwork20191209_template_class\debug\classwor.bce08826.tlog\cl.command.1.tlog
d:\paniuk\classwork\classwork20191209_template_class\classwork20191209_template_class\debug\classwor.bce08826.tlog\cl.read.1.tlog
d:\paniuk\classwork\classwork20191209_template_class\classwork20191209_template_class\debug\classwor.bce08826.tlog\cl.write.1.tlog
d:\paniuk\classwork\classwork20191209_template_class\classwork20191209_template_class\debug\classwor.bce08826.tlog\link.command.1.tlog
d:\paniuk\classwork\classwork20191209_template_class\classwork20191209_template_class\debug\classwor.bce08826.tlog\link.read.1.tlog
d:\paniuk\classwork\classwork20191209_template_class\classwork20191209_template_class\debug\classwor.bce08826.tlog\link.write.1.tlog
