d:\шаг\specialization\classwork20191204_friendly_function\classwork20191204_friendly_function\debug\vc141.pdb
d:\шаг\specialization\classwork20191204_friendly_function\classwork20191204_friendly_function\debug\vc141.idb
d:\шаг\specialization\classwork20191204_friendly_function\classwork20191204_friendly_function\debug\var.obj
d:\шаг\specialization\classwork20191204_friendly_function\classwork20191204_friendly_function\debug\source20191204.obj
d:\paniuk\classwork\classwork20191204_friendly_function\classwork20191204_friendly_function\debug\vc141.pdb
d:\paniuk\classwork\classwork20191204_friendly_function\classwork20191204_friendly_function\debug\vc141.idb
d:\paniuk\classwork\classwork20191204_friendly_function\classwork20191204_friendly_function\debug\var.obj
d:\paniuk\classwork\classwork20191204_friendly_function\classwork20191204_friendly_function\debug\source20191204.obj
d:\шаг\specialization\classwork20191204_friendly_function\debug\classwork20191204_friendly_function.exe
d:\шаг\specialization\classwork20191204_friendly_function\debug\classwork20191204_friendly_function.ilk
d:\шаг\specialization\classwork20191204_friendly_function\debug\classwork20191204_friendly_function.pdb
d:\paniuk\classwork\classwork20191204_friendly_function\debug\classwork20191204_friendly_function.ilk
d:\paniuk\classwork\classwork20191204_friendly_function\debug\classwork20191204_friendly_function.exe
d:\paniuk\classwork\classwork20191204_friendly_function\debug\classwork20191204_friendly_function.pdb
d:\paniuk\classwork\classwork20191204_friendly_function\classwork20191204_friendly_function\debug\classwor.17cecfec.tlog\cl.command.1.tlog
d:\paniuk\classwork\classwork20191204_friendly_function\classwork20191204_friendly_function\debug\classwor.17cecfec.tlog\cl.read.1.tlog
d:\paniuk\classwork\classwork20191204_friendly_function\classwork20191204_friendly_function\debug\classwor.17cecfec.tlog\cl.write.1.tlog
d:\paniuk\classwork\classwork20191204_friendly_function\classwork20191204_friendly_function\debug\classwor.17cecfec.tlog\link.command.1.tlog
d:\paniuk\classwork\classwork20191204_friendly_function\classwork20191204_friendly_function\debug\classwor.17cecfec.tlog\link.read.1.tlog
d:\paniuk\classwork\classwork20191204_friendly_function\classwork20191204_friendly_function\debug\classwor.17cecfec.tlog\link.write.1.tlog
